2020-01-29 19:29:11 INFO     There are now 1 Tweets to fetch replies for. Processing the first from list.
2020-01-29 19:29:11 INFO     Processing espn/status/1058853098108739584
2020-01-29 19:29:14 INFO     More Tweets available, scrolling
2020-01-29 19:29:15 INFO     More Tweets available, scrolling
2020-01-29 19:29:16 INFO     More Tweets available, scrolling
2020-01-29 19:29:17 INFO     More Tweets available, scrolling
2020-01-29 19:29:18 INFO     More Tweets available, scrolling
2020-01-29 19:29:19 INFO     More Tweets available, scrolling
2020-01-29 19:29:20 INFO     More Tweets available, scrolling
2020-01-29 19:29:21 INFO     More Tweets available, scrolling
2020-01-29 19:29:22 INFO     More Tweets available, scrolling
2020-01-29 19:29:23 INFO     More Tweets available, scrolling
2020-01-29 19:29:24 INFO     More Tweets available, scrolling
2020-01-29 19:29:25 INFO     More Tweets available, scrolling
2020-01-29 19:29:26 INFO     More Tweets available, scrolling
2020-01-29 19:29:27 INFO     More Tweets available, scrolling
2020-01-29 19:29:28 INFO     More Tweets available, scrolling
2020-01-29 19:29:29 INFO     More Tweets available, scrolling
2020-01-29 19:29:30 INFO     More Tweets available, scrolling
2020-01-29 19:29:31 INFO     More Tweets available, scrolling
2020-01-29 19:29:32 INFO     More Tweets available, scrolling
2020-01-29 19:29:33 INFO     More Tweets available, scrolling
2020-01-29 19:29:34 INFO     More Tweets available, scrolling
2020-01-29 19:29:36 INFO     We found 171 threads in reply
2020-01-29 19:29:36 INFO     Scraped 1 replies to tombstone
2020-01-29 19:29:41 INFO     Scraped 1 replies to tombstone
2020-01-29 19:29:41 INFO     Found 171 Tweets in reply.
2020-01-29 19:29:41 INFO     Found 20 more Tweets with replies, adding them to to do list.
2020-01-29 19:29:41 INFO     Opening file to write files
2020-01-29 19:29:41 INFO     There are now 20 Tweets to fetch replies for. Processing the first from list.
2020-01-29 19:29:41 INFO     Processing /thEMANacho/status/1058853993080938496
2020-01-29 19:29:42 INFO     More Tweets available, scrolling
2020-01-29 19:29:44 INFO     More Tweets available, scrolling
2020-01-29 19:29:46 INFO     We found 13 threads in reply
2020-01-29 19:29:46 INFO     Scraped 1 replies to tombstone
2020-01-29 19:29:46 INFO     Found 11 Tweets in reply.
2020-01-29 19:29:46 INFO     Found 3 more Tweets with replies, adding them to to do list.
2020-01-29 19:29:46 INFO     Opening file to write files
2020-01-29 19:29:47 INFO     There are now 22 Tweets to fetch replies for. Processing the first from list.
2020-01-29 19:29:47 INFO     Processing /SaintsNation7/status/1058854389966913536
2020-01-29 19:29:49 INFO     We found 3 threads in reply
2020-01-29 19:29:49 INFO     Found 3 Tweets in reply.
2020-01-29 19:29:49 INFO     Found 1 more Tweets with replies, adding them to to do list.
2020-01-29 19:29:49 INFO     Opening file to write files
2020-01-29 19:29:49 INFO     There are now 22 Tweets to fetch replies for. Processing the first from list.
2020-01-29 19:29:49 INFO     Processing /512SportsJunkie/status/1058860075014676480
2020-01-29 19:29:51 INFO     We found 1 threads in reply
2020-01-29 19:29:51 INFO     Found 1 Tweets in reply.
2020-01-29 19:29:51 INFO     Found 0 more Tweets with replies, adding them to to do list.
2020-01-29 19:29:51 INFO     Opening file to write files
2020-01-29 19:29:52 INFO     There are now 21 Tweets to fetch replies for. Processing the first from list.
2020-01-29 19:29:52 INFO     Processing /MattSaulsbury/status/1058934690244161536
2020-01-29 19:29:53 INFO     We found 2 threads in reply
2020-01-29 19:29:54 INFO     Found 2 Tweets in reply.
2020-01-29 19:29:54 INFO     Found 1 more Tweets with replies, adding them to to do list.
2020-01-29 19:29:54 INFO     Opening file to write files
2020-01-29 19:29:54 INFO     There are now 21 Tweets to fetch replies for. Processing the first from list.
2020-01-29 19:29:54 INFO     Processing /bulls2020champs/status/1058853324286394368
2020-01-29 19:29:55 INFO     We found 5 threads in reply
2020-01-29 19:29:55 INFO     Scraped 1 replies to tombstone
2020-01-29 19:29:56 INFO     Scraped 0 replies to tombstone
2020-01-29 19:29:56 INFO     Found 4 Tweets in reply.
2020-01-29 19:29:56 INFO     Found 1 more Tweets with replies, adding them to to do list.
2020-01-29 19:29:56 INFO     Opening file to write files
2020-01-29 19:29:56 INFO     There are now 21 Tweets to fetch replies for. Processing the first from list.
2020-01-29 19:29:56 INFO     Processing /TFialho195/status/1058861024068149248
2020-01-29 19:29:58 INFO     We found 2 threads in reply
2020-01-29 19:29:58 INFO     Scraped 1 replies to tombstone
2020-01-29 19:29:58 INFO     Found 2 Tweets in reply.
2020-01-29 19:29:58 INFO     Found 0 more Tweets with replies, adding them to to do list.
2020-01-29 19:29:58 INFO     Opening file to write files
2020-01-29 19:29:58 INFO     There are now 20 Tweets to fetch replies for. Processing the first from list.
2020-01-29 19:29:58 INFO     Processing /Megan_McGann/status/1058877197933600768
2020-01-29 19:30:00 INFO     We found 1 threads in reply
2020-01-29 19:30:00 INFO     Found 1 Tweets in reply.
2020-01-29 19:30:00 INFO     Found 1 more Tweets with replies, adding them to to do list.
2020-01-29 19:30:00 INFO     Opening file to write files
2020-01-29 19:30:00 INFO     There are now 20 Tweets to fetch replies for. Processing the first from list.
2020-01-29 19:30:00 INFO     Processing /OGFields72/status/1058858475953029125
2020-01-29 19:30:01 INFO     We found 1 threads in reply
2020-01-29 19:30:02 INFO     Found 1 Tweets in reply.
2020-01-29 19:30:02 INFO     Found 0 more Tweets with replies, adding them to to do list.
2020-01-29 19:30:02 INFO     Opening file to write files
2020-01-29 19:30:02 INFO     There are now 19 Tweets to fetch replies for. Processing the first from list.
2020-01-29 19:30:02 INFO     Processing /PatPoole1/status/1058854633395892224
2020-01-29 19:30:04 INFO     We found 0 threads in reply
2020-01-29 19:30:04 INFO     Found 0 Tweets in reply.
2020-01-29 19:30:04 INFO     Found 0 more Tweets with replies, adding them to to do list.
2020-01-29 19:30:04 INFO     Opening file to write files
2020-01-29 19:30:04 INFO     There are now 18 Tweets to fetch replies for. Processing the first from list.
2020-01-29 19:30:04 INFO     Processing /2damnfeisty/status/1059630188022153216
2020-01-29 19:30:05 INFO     We found 2 threads in reply
2020-01-29 19:30:05 INFO     Found 2 Tweets in reply.
2020-01-29 19:30:05 INFO     Found 2 more Tweets with replies, adding them to to do list.
2020-01-29 19:30:05 INFO     Opening file to write files
2020-01-29 19:30:06 INFO     There are now 19 Tweets to fetch replies for. Processing the first from list.
2020-01-29 19:30:06 INFO     Processing /itsBRANDN/status/1058857323148402688
2020-01-29 19:30:07 INFO     We found 1 threads in reply
2020-01-29 19:30:07 INFO     Found 1 Tweets in reply.
2020-01-29 19:30:07 INFO     Found 0 more Tweets with replies, adding them to to do list.
2020-01-29 19:30:07 INFO     Opening file to write files
2020-01-29 19:30:08 INFO     There are now 18 Tweets to fetch replies for. Processing the first from list.
2020-01-29 19:30:08 INFO     Processing /DFWAlex2289/status/1058853974273675264
2020-01-29 19:30:10 INFO     We found 1 threads in reply
2020-01-29 19:30:10 INFO     Found 1 Tweets in reply.
2020-01-29 19:30:10 INFO     Found 0 more Tweets with replies, adding them to to do list.
2020-01-29 19:30:10 INFO     Opening file to write files
2020-01-29 19:30:10 INFO     There are now 17 Tweets to fetch replies for. Processing the first from list.
2020-01-29 19:30:10 INFO     Processing /DarylMarkette/status/1058855485246455808
2020-01-29 19:30:12 INFO     We found 2 threads in reply
2020-01-29 19:30:12 INFO     Found 2 Tweets in reply.
2020-01-29 19:30:12 INFO     Found 2 more Tweets with replies, adding them to to do list.
2020-01-29 19:30:12 INFO     Opening file to write files
2020-01-29 19:30:12 INFO     There are now 18 Tweets to fetch replies for. Processing the first from list.
2020-01-29 19:30:12 INFO     Processing /Knowles_44/status/1058855539155918848
2020-01-29 19:30:14 INFO     We found 2 threads in reply
2020-01-29 19:30:15 INFO     Found 2 Tweets in reply.
2020-01-29 19:30:15 INFO     Found 0 more Tweets with replies, adding them to to do list.
2020-01-29 19:30:15 INFO     Opening file to write files
2020-01-29 19:30:15 INFO     There are now 17 Tweets to fetch replies for. Processing the first from list.
2020-01-29 19:30:15 INFO     Processing /dillwade/status/1058861335096758273
2020-01-29 19:30:17 INFO     We found 1 threads in reply
2020-01-29 19:30:17 INFO     Found 1 Tweets in reply.
2020-01-29 19:30:17 INFO     Found 0 more Tweets with replies, adding them to to do list.
2020-01-29 19:30:17 INFO     Opening file to write files
2020-01-29 19:30:17 INFO     There are now 16 Tweets to fetch replies for. Processing the first from list.
2020-01-29 19:30:17 INFO     Processing /MyckMiller/status/1058861701565739009
2020-01-29 19:30:19 INFO     We found 1 threads in reply
2020-01-29 19:30:19 INFO     Found 1 Tweets in reply.
2020-01-29 19:30:19 INFO     Found 0 more Tweets with replies, adding them to to do list.
2020-01-29 19:30:19 INFO     Opening file to write files
2020-01-29 19:30:19 INFO     There are now 15 Tweets to fetch replies for. Processing the first from list.
2020-01-29 19:30:19 INFO     Processing /Mom2JackJill/status/1058864093480792064
2020-01-29 19:30:21 INFO     We found 1 threads in reply
2020-01-29 19:30:21 INFO     Found 1 Tweets in reply.
2020-01-29 19:30:21 INFO     Found 0 more Tweets with replies, adding them to to do list.
2020-01-29 19:30:21 INFO     Opening file to write files
2020-01-29 19:30:22 INFO     There are now 14 Tweets to fetch replies for. Processing the first from list.
2020-01-29 19:30:22 INFO     Processing /GoinsMckinley/status/1058873824194818048
2020-01-29 19:30:24 INFO     We found 1 threads in reply
2020-01-29 19:30:24 INFO     Found 1 Tweets in reply.
2020-01-29 19:30:24 INFO     Found 0 more Tweets with replies, adding them to to do list.
2020-01-29 19:30:24 INFO     Opening file to write files
2020-01-29 19:30:25 INFO     There are now 13 Tweets to fetch replies for. Processing the first from list.
2020-01-29 19:30:25 INFO     Processing /StaceyGray11/status/1059338402565251073
2020-01-29 19:30:26 INFO     We found 1 threads in reply
2020-01-29 19:30:26 INFO     Found 1 Tweets in reply.
2020-01-29 19:30:26 INFO     Found 1 more Tweets with replies, adding them to to do list.
2020-01-29 19:30:26 INFO     Opening file to write files
2020-01-29 19:30:27 INFO     There are now 13 Tweets to fetch replies for. Processing the first from list.
2020-01-29 19:30:27 INFO     Processing /joshddouglas/status/1058854616870334464
2020-01-29 19:30:28 INFO     We found 1 threads in reply
2020-01-29 19:30:28 INFO     Scraped 2 replies to tombstone
2020-01-29 19:30:28 INFO     Found 2 Tweets in reply.
2020-01-29 19:30:28 INFO     Found 2 more Tweets with replies, adding them to to do list.
2020-01-29 19:30:28 INFO     Opening file to write files
2020-01-29 19:30:29 INFO     There are now 14 Tweets to fetch replies for. Processing the first from list.
2020-01-29 19:30:29 INFO     Processing /JCalko3/status/1058855489918910466
2020-01-29 19:30:32 INFO     We found 10 threads in reply
2020-01-29 19:30:33 INFO     Scraped 1 replies to tombstone
2020-01-29 19:30:33 INFO     Found 8 Tweets in reply.
2020-01-29 19:30:33 INFO     Found 2 more Tweets with replies, adding them to to do list.
2020-01-29 19:30:33 INFO     Opening file to write files
2020-01-29 19:30:33 INFO     There are now 15 Tweets to fetch replies for. Processing the first from list.
2020-01-29 19:30:33 INFO     Processing /bonksrealm/status/1058858072704274435
2020-01-29 19:30:35 INFO     We found 1 threads in reply
2020-01-29 19:30:35 INFO     Found 1 Tweets in reply.
2020-01-29 19:30:35 INFO     Found 0 more Tweets with replies, adding them to to do list.
2020-01-29 19:30:35 INFO     Opening file to write files
2020-01-29 19:30:35 INFO     There are now 14 Tweets to fetch replies for. Processing the first from list.
2020-01-29 19:30:35 INFO     Processing /Blew25PointLead/status/1058854303354535937
2020-01-29 19:30:38 INFO     We found 1 threads in reply
2020-01-29 19:30:38 INFO     Found 1 Tweets in reply.
2020-01-29 19:30:38 INFO     Found 0 more Tweets with replies, adding them to to do list.
2020-01-29 19:30:38 INFO     Opening file to write files
2020-01-29 19:30:38 INFO     There are now 13 Tweets to fetch replies for. Processing the first from list.
2020-01-29 19:30:38 INFO     Processing /AO_FIGJAM/status/1058854652995887104
2020-01-29 19:30:40 INFO     We found 6 threads in reply
2020-01-29 19:30:40 INFO     Found 6 Tweets in reply.
2020-01-29 19:30:40 INFO     Found 3 more Tweets with replies, adding them to to do list.
2020-01-29 19:30:40 INFO     Opening file to write files
2020-01-29 19:30:40 INFO     There are now 15 Tweets to fetch replies for. Processing the first from list.
2020-01-29 19:30:40 INFO     Processing /SpeedcityDro/status/1059319617175384064
2020-01-29 19:30:42 INFO     We found 1 threads in reply
2020-01-29 19:30:42 INFO     Found 1 Tweets in reply.
2020-01-29 19:30:42 INFO     Found 1 more Tweets with replies, adding them to to do list.
2020-01-29 19:30:42 INFO     Opening file to write files
2020-01-29 19:30:42 INFO     There are now 15 Tweets to fetch replies for. Processing the first from list.
2020-01-29 19:30:42 INFO     Processing /UKfaninNJ/status/1058854180465659905
2020-01-29 19:30:45 INFO     We found 1 threads in reply
2020-01-29 19:30:45 INFO     Found 1 Tweets in reply.
2020-01-29 19:30:45 INFO     Found 1 more Tweets with replies, adding them to to do list.
2020-01-29 19:30:45 INFO     Opening file to write files
2020-01-29 19:30:45 INFO     There are now 15 Tweets to fetch replies for. Processing the first from list.
2020-01-29 19:30:45 INFO     Processing /billyrobison81/status/1058898581782958080
2020-01-29 19:30:47 INFO     We found 2 threads in reply
2020-01-29 19:30:47 INFO     Found 2 Tweets in reply.
2020-01-29 19:30:47 INFO     Found 0 more Tweets with replies, adding them to to do list.
2020-01-29 19:30:47 INFO     Opening file to write files
2020-01-29 19:30:47 INFO     There are now 14 Tweets to fetch replies for. Processing the first from list.
2020-01-29 19:30:47 INFO     Processing /BoxUnscripted/status/1059785569503391744
2020-01-29 19:30:49 INFO     We found 1 threads in reply
2020-01-29 19:30:49 INFO     Found 1 Tweets in reply.
2020-01-29 19:30:49 INFO     Found 1 more Tweets with replies, adding them to to do list.
2020-01-29 19:30:49 INFO     Opening file to write files
2020-01-29 19:30:49 INFO     There are now 14 Tweets to fetch replies for. Processing the first from list.
2020-01-29 19:30:49 INFO     Processing /jessyjams/status/1059631356391632896
2020-01-29 19:30:51 INFO     We found 1 threads in reply
2020-01-29 19:30:51 INFO     Found 1 Tweets in reply.
2020-01-29 19:30:51 INFO     Found 1 more Tweets with replies, adding them to to do list.
2020-01-29 19:30:51 INFO     Opening file to write files
2020-01-29 19:30:51 INFO     There are now 14 Tweets to fetch replies for. Processing the first from list.
2020-01-29 19:30:51 INFO     Processing /cfrank_/status/1058855717812269056
2020-01-29 19:30:53 INFO     We found 1 threads in reply
2020-01-29 19:30:53 INFO     Found 1 Tweets in reply.
2020-01-29 19:30:53 INFO     Found 0 more Tweets with replies, adding them to to do list.
2020-01-29 19:30:53 INFO     Opening file to write files
2020-01-29 19:30:53 INFO     There are now 13 Tweets to fetch replies for. Processing the first from list.
2020-01-29 19:30:53 INFO     Processing /B__Owes/status/1058858087321427970
2020-01-29 19:30:56 INFO     We found 1 threads in reply
2020-01-29 19:30:56 INFO     Found 1 Tweets in reply.
2020-01-29 19:30:56 INFO     Found 0 more Tweets with replies, adding them to to do list.
2020-01-29 19:30:56 INFO     Opening file to write files
2020-01-29 19:30:56 INFO     There are now 12 Tweets to fetch replies for. Processing the first from list.
2020-01-29 19:30:56 INFO     Processing /aggierugger2010/status/1059638602865565696
2020-01-29 19:30:58 INFO     We found 1 threads in reply
2020-01-29 19:30:58 INFO     Found 1 Tweets in reply.
2020-01-29 19:30:58 INFO     Found 1 more Tweets with replies, adding them to to do list.
2020-01-29 19:30:58 INFO     Opening file to write files
2020-01-29 19:30:58 INFO     There are now 12 Tweets to fetch replies for. Processing the first from list.
2020-01-29 19:30:58 INFO     Processing /unkomvn/status/1058857275425583104
2020-01-29 19:31:00 INFO     We found 1 threads in reply
2020-01-29 19:31:00 INFO     Found 1 Tweets in reply.
2020-01-29 19:31:00 INFO     Found 1 more Tweets with replies, adding them to to do list.
2020-01-29 19:31:00 INFO     Opening file to write files
2020-01-29 19:31:00 INFO     There are now 12 Tweets to fetch replies for. Processing the first from list.
2020-01-29 19:31:00 INFO     Processing /joshddouglas/status/1058859767844823040
2020-01-29 19:31:04 INFO     We found 3 threads in reply
2020-01-29 19:31:04 INFO     Found 0 Tweets in reply.
2020-01-29 19:31:04 INFO     Found 0 more Tweets with replies, adding them to to do list.
2020-01-29 19:31:04 INFO     Opening file to write files
2020-01-29 19:31:04 INFO     There are now 11 Tweets to fetch replies for. Processing the first from list.
2020-01-29 19:31:04 INFO     Processing /rhetthulgan/status/1059507732875825153
2020-01-29 19:31:06 INFO     We found 1 threads in reply
2020-01-29 19:31:06 INFO     Found 1 Tweets in reply.
2020-01-29 19:31:06 INFO     Found 1 more Tweets with replies, adding them to to do list.
2020-01-29 19:31:06 INFO     Opening file to write files
2020-01-29 19:31:06 INFO     There are now 11 Tweets to fetch replies for. Processing the first from list.
2020-01-29 19:31:06 INFO     Processing /007Groundhog/status/1058873607907090432
2020-01-29 19:31:08 INFO     We found 1 threads in reply
2020-01-29 19:31:08 INFO     Found 1 Tweets in reply.
2020-01-29 19:31:08 INFO     Found 0 more Tweets with replies, adding them to to do list.
2020-01-29 19:31:08 INFO     Opening file to write files
2020-01-29 19:31:09 INFO     There are now 10 Tweets to fetch replies for. Processing the first from list.
2020-01-29 19:31:09 INFO     Processing /MattSaulsbury/status/1058934932964290561
2020-01-29 19:31:10 INFO     We found 1 threads in reply
2020-01-29 19:31:10 INFO     Found 1 Tweets in reply.
2020-01-29 19:31:10 INFO     Found 1 more Tweets with replies, adding them to to do list.
2020-01-29 19:31:10 INFO     Opening file to write files
2020-01-29 19:31:11 INFO     There are now 10 Tweets to fetch replies for. Processing the first from list.
2020-01-29 19:31:11 INFO     Processing /Kim0suave/status/1059140074502156288
2020-01-29 19:31:13 INFO     We found 1 threads in reply
2020-01-29 19:31:13 INFO     Found 1 Tweets in reply.
2020-01-29 19:31:13 INFO     Found 0 more Tweets with replies, adding them to to do list.
2020-01-29 19:31:13 INFO     Opening file to write files
2020-01-29 19:31:13 INFO     There are now 9 Tweets to fetch replies for. Processing the first from list.
2020-01-29 19:31:13 INFO     Processing /JWEEBLES/status/1058858919269974016
2020-01-29 19:31:15 INFO     We found 1 threads in reply
2020-01-29 19:31:15 INFO     Found 1 Tweets in reply.
2020-01-29 19:31:15 INFO     Found 1 more Tweets with replies, adding them to to do list.
2020-01-29 19:31:15 INFO     Opening file to write files
2020-01-29 19:31:16 INFO     There are now 9 Tweets to fetch replies for. Processing the first from list.
2020-01-29 19:31:16 INFO     Processing /MattSaulsbury/status/1059320767647756288
2020-01-29 19:31:19 INFO     We found 4 threads in reply
2020-01-29 19:31:19 INFO     Found 1 Tweets in reply.
2020-01-29 19:31:19 INFO     Found 0 more Tweets with replies, adding them to to do list.
2020-01-29 19:31:19 INFO     Opening file to write files
2020-01-29 19:31:19 INFO     There are now 8 Tweets to fetch replies for. Processing the first from list.
2020-01-29 19:31:19 INFO     Processing /Tim247Tim/status/1058943651643047936
2020-01-29 19:31:21 INFO     We found 1 threads in reply
2020-01-29 19:31:21 INFO     Found 1 Tweets in reply.
2020-01-29 19:31:21 INFO     Found 1 more Tweets with replies, adding them to to do list.
2020-01-29 19:31:21 INFO     Opening file to write files
2020-01-29 19:31:21 INFO     There are now 8 Tweets to fetch replies for. Processing the first from list.
2020-01-29 19:31:21 INFO     Processing /2damnfeisty/status/1059805896921006080
2020-01-29 19:31:23 INFO     We found 1 threads in reply
2020-01-29 19:31:24 INFO     Found 1 Tweets in reply.
2020-01-29 19:31:24 INFO     Found 1 more Tweets with replies, adding them to to do list.
2020-01-29 19:31:24 INFO     Opening file to write files
2020-01-29 19:31:24 INFO     There are now 8 Tweets to fetch replies for. Processing the first from list.
2020-01-29 19:31:24 INFO     Processing /2damnfeisty/status/1059631495776817153
2020-01-29 19:31:26 INFO     We found 1 threads in reply
2020-01-29 19:31:26 INFO     Found 1 Tweets in reply.
2020-01-29 19:31:26 INFO     Found 0 more Tweets with replies, adding them to to do list.
2020-01-29 19:31:26 INFO     Opening file to write files
2020-01-29 19:31:26 INFO     There are now 7 Tweets to fetch replies for. Processing the first from list.
2020-01-29 19:31:26 INFO     Processing /StaceyGray11/status/1059640068363538432
2020-01-29 19:31:28 INFO     We found 1 threads in reply
2020-01-29 19:31:28 INFO     Found 1 Tweets in reply.
2020-01-29 19:31:28 INFO     Found 1 more Tweets with replies, adding them to to do list.
2020-01-29 19:31:28 INFO     Opening file to write files
2020-01-29 19:31:28 INFO     There are now 7 Tweets to fetch replies for. Processing the first from list.
2020-01-29 19:31:28 INFO     Processing /joshddouglas/status/1058859767844823040
2020-01-29 19:31:32 INFO     We found 3 threads in reply
2020-01-29 19:31:32 INFO     Found 0 Tweets in reply.
2020-01-29 19:31:32 INFO     Found 0 more Tweets with replies, adding them to to do list.
2020-01-29 19:31:32 INFO     Opening file to write files
2020-01-29 19:31:32 INFO     There are now 6 Tweets to fetch replies for. Processing the first from list.
2020-01-29 19:31:32 INFO     Processing /JCalko3/status/1059515506934407169
2020-01-29 19:31:34 INFO     We found 2 threads in reply
2020-01-29 19:31:34 INFO     Found 2 Tweets in reply.
2020-01-29 19:31:34 INFO     Found 2 more Tweets with replies, adding them to to do list.
2020-01-29 19:31:34 INFO     Opening file to write files
2020-01-29 19:31:34 INFO     There are now 7 Tweets to fetch replies for. Processing the first from list.
2020-01-29 19:31:34 INFO     Processing /AO_FIGJAM/status/1058935188422582272
2020-01-29 19:31:36 INFO     We found 1 threads in reply
2020-01-29 19:31:36 INFO     Found 1 Tweets in reply.
2020-01-29 19:31:36 INFO     Found 1 more Tweets with replies, adding them to to do list.
2020-01-29 19:31:36 INFO     Opening file to write files
2020-01-29 19:31:36 INFO     There are now 7 Tweets to fetch replies for. Processing the first from list.
2020-01-29 19:31:36 INFO     Processing /AO_FIGJAM/status/1059214970527854592
2020-01-29 19:31:38 INFO     We found 1 threads in reply
2020-01-29 19:31:38 INFO     Found 1 Tweets in reply.
2020-01-29 19:31:38 INFO     Found 0 more Tweets with replies, adding them to to do list.
2020-01-29 19:31:38 INFO     Opening file to write files
2020-01-29 19:31:38 INFO     There are now 6 Tweets to fetch replies for. Processing the first from list.
2020-01-29 19:31:38 INFO     Processing /13daniellemarks/status/1059385941905805312
2020-01-29 19:31:41 INFO     We found 1 threads in reply
2020-01-29 19:31:41 INFO     Found 1 Tweets in reply.
2020-01-29 19:31:41 INFO     Found 1 more Tweets with replies, adding them to to do list.
2020-01-29 19:31:41 INFO     Opening file to write files
2020-01-29 19:31:41 INFO     There are now 6 Tweets to fetch replies for. Processing the first from list.
2020-01-29 19:31:41 INFO     Processing /BoxUnscripted/status/1059817642213695488
2020-01-29 19:31:43 INFO     We found 1 threads in reply
2020-01-29 19:31:43 INFO     Found 1 Tweets in reply.
2020-01-29 19:31:43 INFO     Found 1 more Tweets with replies, adding them to to do list.
2020-01-29 19:31:43 INFO     Opening file to write files
2020-01-29 19:31:43 INFO     There are now 6 Tweets to fetch replies for. Processing the first from list.
2020-01-29 19:31:43 INFO     Processing /aggierugger2010/status/1059641999287033857
2020-01-29 19:31:45 INFO     We found 1 threads in reply
2020-01-29 19:31:45 INFO     Scraped 2 replies to tombstone
2020-01-29 19:31:45 INFO     Found 2 Tweets in reply.
2020-01-29 19:31:45 INFO     Found 2 more Tweets with replies, adding them to to do list.
2020-01-29 19:31:45 INFO     Opening file to write files
2020-01-29 19:31:45 INFO     There are now 7 Tweets to fetch replies for. Processing the first from list.
2020-01-29 19:31:45 INFO     Processing /rhetthulgan/status/1059531098194149379
2020-01-29 19:31:48 INFO     We found 1 threads in reply
2020-01-29 19:31:48 INFO     Found 1 Tweets in reply.
2020-01-29 19:31:48 INFO     Found 1 more Tweets with replies, adding them to to do list.
2020-01-29 19:31:48 INFO     Opening file to write files
2020-01-29 19:31:48 INFO     There are now 7 Tweets to fetch replies for. Processing the first from list.
2020-01-29 19:31:48 INFO     Processing /DylanBlackmon4/status/1059682146640637952
2020-01-29 19:31:53 INFO     We found 1 threads in reply
2020-01-29 19:31:54 INFO     Found 1 Tweets in reply.
2020-01-29 19:31:54 INFO     Found 1 more Tweets with replies, adding them to to do list.
2020-01-29 19:31:54 INFO     Opening file to write files
2020-01-29 19:31:54 INFO     There are now 7 Tweets to fetch replies for. Processing the first from list.
2020-01-29 19:31:54 INFO     Processing /Bishhazzmao/status/1059139648520212485
2020-01-29 19:31:56 INFO     We found 1 threads in reply
2020-01-29 19:31:56 INFO     Found 1 Tweets in reply.
2020-01-29 19:31:56 INFO     Found 1 more Tweets with replies, adding them to to do list.
2020-01-29 19:31:56 INFO     Opening file to write files
2020-01-29 19:31:56 INFO     There are now 7 Tweets to fetch replies for. Processing the first from list.
2020-01-29 19:31:56 INFO     Processing /SaintEB/status/1059679160971550720
2020-01-29 19:31:58 INFO     We found 1 threads in reply
2020-01-29 19:31:58 INFO     Found 1 Tweets in reply.
2020-01-29 19:31:58 INFO     Found 0 more Tweets with replies, adding them to to do list.
2020-01-29 19:31:58 INFO     Opening file to write files
2020-01-29 19:31:58 INFO     There are now 6 Tweets to fetch replies for. Processing the first from list.
2020-01-29 19:31:58 INFO     Processing /2damnfeisty/status/1059817868009848835
2020-01-29 19:32:00 INFO     We found 1 threads in reply
2020-01-29 19:32:00 INFO     Found 1 Tweets in reply.
2020-01-29 19:32:00 INFO     Found 0 more Tweets with replies, adding them to to do list.
2020-01-29 19:32:00 INFO     Opening file to write files
2020-01-29 19:32:00 INFO     There are now 5 Tweets to fetch replies for. Processing the first from list.
2020-01-29 19:32:00 INFO     Processing /_katie_el/status/1059643002455355392
2020-01-29 19:32:02 INFO     We found 2 threads in reply
2020-01-29 19:32:02 INFO     Found 2 Tweets in reply.
2020-01-29 19:32:02 INFO     Found 1 more Tweets with replies, adding them to to do list.
2020-01-29 19:32:02 INFO     Opening file to write files
2020-01-29 19:32:02 INFO     There are now 5 Tweets to fetch replies for. Processing the first from list.
2020-01-29 19:32:02 INFO     Processing /aggierugger2010/status/1059645461563367426
2020-01-29 19:32:04 INFO     We found 3 threads in reply
2020-01-29 19:32:05 INFO     Found 3 Tweets in reply.
2020-01-29 19:32:05 INFO     Found 2 more Tweets with replies, adding them to to do list.
2020-01-29 19:32:05 INFO     Opening file to write files
2020-01-29 19:32:05 INFO     There are now 6 Tweets to fetch replies for. Processing the first from list.
2020-01-29 19:32:05 INFO     Processing /JCalko3/status/1059534360129474561
2020-01-29 19:32:07 INFO     We found 1 threads in reply
2020-01-29 19:32:07 INFO     Found 1 Tweets in reply.
2020-01-29 19:32:07 INFO     Found 0 more Tweets with replies, adding them to to do list.
2020-01-29 19:32:07 INFO     Opening file to write files
2020-01-29 19:32:07 INFO     There are now 5 Tweets to fetch replies for. Processing the first from list.
2020-01-29 19:32:07 INFO     Processing /JCalko3/status/1059791380309049345
2020-01-29 19:32:10 INFO     We found 1 threads in reply
2020-01-29 19:32:10 INFO     Found 1 Tweets in reply.
2020-01-29 19:32:10 INFO     Found 0 more Tweets with replies, adding them to to do list.
2020-01-29 19:32:10 INFO     Opening file to write files
2020-01-29 19:32:10 INFO     There are now 4 Tweets to fetch replies for. Processing the first from list.
2020-01-29 19:32:10 INFO     Processing /MattSaulsbury/status/1059141882071183361
2020-01-29 19:32:12 INFO     We found 2 threads in reply
2020-01-29 19:32:12 INFO     Found 2 Tweets in reply.
2020-01-29 19:32:12 INFO     Found 1 more Tweets with replies, adding them to to do list.
2020-01-29 19:32:12 INFO     Opening file to write files
2020-01-29 19:32:12 INFO     There are now 4 Tweets to fetch replies for. Processing the first from list.
2020-01-29 19:32:12 INFO     Processing /aggierugger2010/status/1059645461563367426
2020-01-29 19:32:13 INFO     We found 3 threads in reply
2020-01-29 19:32:14 INFO     Found 3 Tweets in reply.
2020-01-29 19:32:14 INFO     Found 2 more Tweets with replies, adding them to to do list.
2020-01-29 19:32:14 INFO     Opening file to write files
2020-01-29 19:32:14 INFO     There are now 5 Tweets to fetch replies for. Processing the first from list.
2020-01-29 19:32:14 INFO     Processing /StaceyGray11/status/1059647178979700736
2020-01-29 19:32:16 INFO     We found 1 threads in reply
2020-01-29 19:32:17 INFO     Found 1 Tweets in reply.
2020-01-29 19:32:17 INFO     Found 1 more Tweets with replies, adding them to to do list.
2020-01-29 19:32:17 INFO     Opening file to write files
2020-01-29 19:32:17 INFO     There are now 5 Tweets to fetch replies for. Processing the first from list.
2020-01-29 19:32:17 INFO     Processing /_katie_el/status/1059646683007447040
2020-01-29 19:32:19 INFO     We found 1 threads in reply
2020-01-29 19:32:19 INFO     Found 1 Tweets in reply.
2020-01-29 19:32:19 INFO     Found 1 more Tweets with replies, adding them to to do list.
2020-01-29 19:32:19 INFO     Opening file to write files
2020-01-29 19:32:19 INFO     There are now 5 Tweets to fetch replies for. Processing the first from list.
2020-01-29 19:32:19 INFO     Processing /Bishhazzmao/status/1059142316017954816
2020-01-29 19:32:21 INFO     We found 2 threads in reply
2020-01-29 19:32:21 INFO     Found 2 Tweets in reply.
2020-01-29 19:32:21 INFO     Found 1 more Tweets with replies, adding them to to do list.
2020-01-29 19:32:21 INFO     Opening file to write files
2020-01-29 19:32:21 INFO     There are now 5 Tweets to fetch replies for. Processing the first from list.
2020-01-29 19:32:21 INFO     Processing /StaceyGray11/status/1059647178979700736
2020-01-29 19:32:23 INFO     We found 1 threads in reply
2020-01-29 19:32:23 INFO     Found 1 Tweets in reply.
2020-01-29 19:32:23 INFO     Found 1 more Tweets with replies, adding them to to do list.
2020-01-29 19:32:23 INFO     Opening file to write files
2020-01-29 19:32:23 INFO     There are now 5 Tweets to fetch replies for. Processing the first from list.
2020-01-29 19:32:23 INFO     Processing /_katie_el/status/1059646683007447040
2020-01-29 19:32:25 INFO     We found 1 threads in reply
2020-01-29 19:32:26 INFO     Found 1 Tweets in reply.
2020-01-29 19:32:26 INFO     Found 1 more Tweets with replies, adding them to to do list.
2020-01-29 19:32:26 INFO     Opening file to write files
2020-01-29 19:32:26 INFO     There are now 5 Tweets to fetch replies for. Processing the first from list.
2020-01-29 19:32:26 INFO     Processing /aggierugger2010/status/1059649032971321344
2020-01-29 19:32:28 INFO     We found 1 threads in reply
2020-01-29 19:32:28 INFO     Found 1 Tweets in reply.
2020-01-29 19:32:28 INFO     Found 1 more Tweets with replies, adding them to to do list.
2020-01-29 19:32:28 INFO     Opening file to write files
2020-01-29 19:32:28 INFO     There are now 5 Tweets to fetch replies for. Processing the first from list.
2020-01-29 19:32:28 INFO     Processing /_katie_el/status/1059646942110576641
2020-01-29 19:32:30 INFO     We found 1 threads in reply
2020-01-29 19:32:30 INFO     Found 1 Tweets in reply.
2020-01-29 19:32:30 INFO     Found 0 more Tweets with replies, adding them to to do list.
2020-01-29 19:32:30 INFO     Opening file to write files
2020-01-29 19:32:30 INFO     There are now 4 Tweets to fetch replies for. Processing the first from list.
2020-01-29 19:32:30 INFO     Processing /AO_FIGJAM/status/1059158721576742913
2020-01-29 19:32:32 INFO     We found 1 threads in reply
2020-01-29 19:32:32 INFO     Scraped 0 replies to tombstone
2020-01-29 19:32:32 INFO     Found 0 Tweets in reply.
2020-01-29 19:32:32 INFO     Found 0 more Tweets with replies, adding them to to do list.
2020-01-29 19:32:32 INFO     Opening file to write files
2020-01-29 19:32:32 INFO     There are now 3 Tweets to fetch replies for. Processing the first from list.
2020-01-29 19:32:32 INFO     Processing /aggierugger2010/status/1059649032971321344
2020-01-29 19:32:35 INFO     We found 1 threads in reply
2020-01-29 19:32:35 INFO     Found 1 Tweets in reply.
2020-01-29 19:32:35 INFO     Found 1 more Tweets with replies, adding them to to do list.
2020-01-29 19:32:35 INFO     Opening file to write files
2020-01-29 19:32:35 INFO     There are now 3 Tweets to fetch replies for. Processing the first from list.
2020-01-29 19:32:35 INFO     Processing /_katie_el/status/1059646942110576641
2020-01-29 19:32:37 INFO     We found 1 threads in reply
2020-01-29 19:32:37 INFO     Found 1 Tweets in reply.
2020-01-29 19:32:37 INFO     Found 0 more Tweets with replies, adding them to to do list.
2020-01-29 19:32:37 INFO     Opening file to write files
2020-01-29 19:32:37 INFO     There are now 2 Tweets to fetch replies for. Processing the first from list.
2020-01-29 19:32:37 INFO     Processing /StaceyGray11/status/1059649205042536448
2020-01-29 19:32:39 INFO     We found 1 threads in reply
2020-01-29 19:32:39 INFO     Found 1 Tweets in reply.
2020-01-29 19:32:39 INFO     Found 1 more Tweets with replies, adding them to to do list.
2020-01-29 19:32:39 INFO     Opening file to write files
2020-01-29 19:32:39 INFO     There are now 2 Tweets to fetch replies for. Processing the first from list.
2020-01-29 19:32:39 INFO     Processing /StaceyGray11/status/1059649205042536448
2020-01-29 19:32:41 INFO     We found 1 threads in reply
2020-01-29 19:32:41 INFO     Found 1 Tweets in reply.
2020-01-29 19:32:41 INFO     Found 1 more Tweets with replies, adding them to to do list.
2020-01-29 19:32:41 INFO     Opening file to write files
2020-01-29 19:32:42 INFO     There are now 2 Tweets to fetch replies for. Processing the first from list.
2020-01-29 19:32:42 INFO     Processing /AndrewSeraphin/status/1059929675462524928
2020-01-29 19:32:43 INFO     We found 1 threads in reply
2020-01-29 19:32:43 INFO     Found 1 Tweets in reply.
2020-01-29 19:32:43 INFO     Found 0 more Tweets with replies, adding them to to do list.
2020-01-29 19:32:43 INFO     Opening file to write files
2020-01-29 19:32:43 INFO     There are now 1 Tweets to fetch replies for. Processing the first from list.
2020-01-29 19:32:43 INFO     Processing /AndrewSeraphin/status/1059929675462524928
2020-01-29 19:32:46 INFO     We found 1 threads in reply
2020-01-29 19:32:46 INFO     Found 1 Tweets in reply.
2020-01-29 19:32:46 INFO     Found 0 more Tweets with replies, adding them to to do list.
2020-01-29 19:32:46 INFO     Opening file to write files
2020-01-29 19:32:47 INFO     Fetch finished with 286 Tweets scraped.
