2020-01-15 16:47:07,617 INFO loading None profile from config /home/nyou045/.twarc
2020-01-15 16:47:07,617 INFO creating http session
2020-01-15 16:47:07,618 INFO getting ('https://api.twitter.com/1.1/account/verify_credentials.json',) {'params': {'tweet_mode': 'extended'}}
2020-01-15 16:47:07,933 INFO retrieving retweets of 1058853098108739584
2020-01-15 16:47:07,933 INFO getting ('https://api.twitter.com/1.1/statuses/retweets/1058853098108739584.json',) {'params': {'count': 100, 'tweet_mode': 'extended'}}
2020-01-15 16:47:08,287 INFO archived 1216915300131704832
2020-01-15 16:47:08,297 INFO archived 1193748770837737473
2020-01-15 16:47:08,301 INFO archived 1193710431300399104
2020-01-15 16:47:08,301 INFO archived 1193709011360722945
2020-01-15 16:47:08,302 INFO archived 1193388315669602304
2020-01-15 16:47:08,302 INFO archived 1183162186543386624
2020-01-15 16:47:08,303 INFO archived 1183155034894323714
2020-01-15 16:47:08,303 INFO archived 1172271208492163073
2020-01-15 16:47:08,303 INFO archived 1086133893445632000
2020-01-15 16:47:08,304 INFO archived 1073857618974818304
2020-01-15 16:47:08,304 INFO archived 1073854192270356480
2020-01-15 16:47:08,304 INFO archived 1073235008272429058
2020-01-15 16:47:08,305 INFO archived 1072230485978480640
2020-01-15 16:47:08,305 INFO archived 1069784200553873408
2020-01-15 16:47:08,305 INFO archived 1068571599958360064
2020-01-15 16:47:08,305 INFO archived 1066381297742987265
2020-01-15 16:47:08,306 INFO archived 1066099399670013952
2020-01-15 16:47:08,306 INFO archived 1065842533371125760
2020-01-15 16:47:08,306 INFO archived 1064974421230792705
2020-01-15 16:47:08,307 INFO archived 1064472209303859201
2020-01-15 16:47:08,307 INFO archived 1062816976844800000
2020-01-15 16:47:08,307 INFO archived 1062706655840952320
2020-01-15 16:47:08,308 INFO archived 1062539988183597058
2020-01-15 16:47:08,308 INFO archived 1062436622317379584
2020-01-15 16:47:08,308 INFO archived 1062434325285756930
2020-01-15 16:47:08,309 INFO archived 1062432987453775873
2020-01-15 16:47:08,311 INFO archived 1062274109357375488
2020-01-15 16:47:08,313 INFO archived 1062209918273576961
2020-01-15 16:47:08,335 INFO archived 1062146542478475266
2020-01-15 16:47:08,336 INFO archived 1062145433814786050
2020-01-15 16:47:08,336 INFO archived 1062112955389669377
2020-01-15 16:47:08,336 INFO archived 1062043514593132549
2020-01-15 16:47:08,337 INFO archived 1062021141915561986
2020-01-15 16:47:08,337 INFO archived 1062004545583280128
2020-01-15 16:47:08,343 INFO archived 1061951706991341568
2020-01-15 16:47:08,344 INFO archived 1061902306034229248
2020-01-15 16:47:08,345 INFO archived 1061882202286424064
2020-01-15 16:47:08,345 INFO archived 1061837561125949440
2020-01-15 16:47:08,346 INFO archived 1061824849100857345
2020-01-15 16:47:08,347 INFO archived 1061819414641827840
2020-01-15 16:47:08,348 INFO archived 1061818146368024576
2020-01-15 16:47:08,349 INFO archived 1061818046178779136
2020-01-15 16:47:08,350 INFO archived 1061817998519009280
2020-01-15 16:47:08,352 INFO archived 1061816815138025473
2020-01-15 16:47:08,352 INFO archived 1061810882710253568
2020-01-15 16:47:08,353 INFO archived 1061804130828730368
2020-01-15 16:47:08,353 INFO archived 1061797915528740864
2020-01-15 16:47:08,353 INFO archived 1061796203703214081
2020-01-15 16:47:08,353 INFO archived 1061786466211258369
2020-01-15 16:47:08,354 INFO archived 1061779305049526272
2020-01-15 16:47:08,354 INFO archived 1061775412420861954
2020-01-15 16:47:08,355 INFO archived 1061775230505492480
2020-01-15 16:47:08,355 INFO archived 1061772954676219904
2020-01-15 16:47:08,355 INFO archived 1061770418720292865
2020-01-15 16:47:08,356 INFO archived 1061765650794864646
2020-01-15 16:47:08,356 INFO archived 1061757393602822145
2020-01-15 16:47:08,356 INFO archived 1061756346121498625
2020-01-15 16:47:08,357 INFO archived 1061703030167359488
2020-01-15 16:47:08,357 INFO archived 1061361406849753088
2020-01-15 16:47:08,357 INFO archived 1061271948695666689
2020-01-15 16:47:08,358 INFO archived 1061264048623403008
2020-01-15 16:47:08,358 INFO archived 1061128617768468480
2020-01-15 16:47:08,358 INFO archived 1061005649230917632
2020-01-15 16:47:08,359 INFO archived 1060956193412313089
2020-01-15 16:47:08,360 INFO archived 1060945137306689538
2020-01-15 16:47:08,360 INFO archived 1060932574896361475
2020-01-15 16:47:08,361 INFO archived 1060925658002608128
2020-01-15 16:47:08,361 INFO archived 1060911675061211137
2020-01-15 16:47:08,362 INFO archived 1060904563149025281
2020-01-15 16:47:08,362 INFO archived 1060762033107267584
2020-01-15 16:47:08,363 INFO archived 1060694407610011648
2020-01-15 16:47:08,363 INFO archived 1060636210627076098
2020-01-15 16:47:08,364 INFO archived 1060600816795508737
2020-01-15 16:47:08,402 INFO archived 1060589268186226688
2020-01-15 16:47:08,402 INFO archived 1060566827279908864
2020-01-15 16:47:08,402 INFO archived 1060452398513209344
2020-01-15 16:47:08,403 INFO archived 1060391771153227776
2020-01-15 16:47:08,404 INFO archived 1060381492264792064
2020-01-15 16:47:08,404 INFO archived 1060372758440357888
2020-01-15 16:47:08,404 INFO archived 1060361273836154880
2020-01-15 16:47:08,405 INFO archived 1060346735560744960
2020-01-15 16:47:08,406 INFO archived 1060318543365967873
2020-01-15 16:47:08,406 INFO archived 1060317658707644418
2020-01-15 16:47:08,406 INFO archived 1060279040941195281
2020-01-15 16:47:08,407 INFO archived 1060239106343604225
2020-01-15 16:47:08,407 INFO archived 1060210908369219584
2020-01-15 16:47:08,407 INFO archived 1060202938071543809
2020-01-15 16:47:08,408 INFO archived 1060191244675178497
2020-01-15 16:47:27,861 INFO loading None profile from config /home/nyou045/.twarc
2020-01-15 16:47:27,861 INFO creating http session
2020-01-15 16:47:27,862 INFO getting ('https://api.twitter.com/1.1/account/verify_credentials.json',) {'params': {'tweet_mode': 'extended'}}
2020-01-15 16:47:28,206 INFO retrieving retweets of 1058853098108739584
2020-01-15 16:47:28,206 INFO getting ('https://api.twitter.com/1.1/statuses/retweets/1058853098108739584.json',) {'params': {'count': 100, 'tweet_mode': 'extended'}}
2020-01-15 16:47:28,687 INFO archived 1216915300131704832
2020-01-15 16:47:28,688 INFO archived 1193748770837737473
2020-01-15 16:47:28,688 INFO archived 1193710431300399104
2020-01-15 16:47:28,688 INFO archived 1193709011360722945
2020-01-15 16:47:28,688 INFO archived 1193388315669602304
2020-01-15 16:47:28,689 INFO archived 1183162186543386624
2020-01-15 16:47:28,689 INFO archived 1183155034894323714
2020-01-15 16:47:28,689 INFO archived 1172271208492163073
2020-01-15 16:47:28,689 INFO archived 1086133893445632000
2020-01-15 16:47:28,690 INFO archived 1073857618974818304
2020-01-15 16:47:28,690 INFO archived 1073854192270356480
2020-01-15 16:47:28,690 INFO archived 1073235008272429058
2020-01-15 16:47:28,690 INFO archived 1072230485978480640
2020-01-15 16:47:28,691 INFO archived 1069784200553873408
2020-01-15 16:47:28,691 INFO archived 1068571599958360064
2020-01-15 16:47:28,691 INFO archived 1066381297742987265
2020-01-15 16:47:28,692 INFO archived 1066099399670013952
2020-01-15 16:47:28,693 INFO archived 1065842533371125760
2020-01-15 16:47:28,694 INFO archived 1064974421230792705
2020-01-15 16:47:28,694 INFO archived 1064472209303859201
2020-01-15 16:47:28,695 INFO archived 1062816976844800000
2020-01-15 16:47:28,695 INFO archived 1062706655840952320
2020-01-15 16:47:28,695 INFO archived 1062539988183597058
2020-01-15 16:47:28,696 INFO archived 1062436622317379584
2020-01-15 16:47:28,696 INFO archived 1062434325285756930
2020-01-15 16:47:28,697 INFO archived 1062432987453775873
2020-01-15 16:47:28,697 INFO archived 1062274109357375488
2020-01-15 16:47:28,697 INFO archived 1062209918273576961
2020-01-15 16:47:28,698 INFO archived 1062146542478475266
2020-01-15 16:47:28,698 INFO archived 1062145433814786050
2020-01-15 16:47:28,699 INFO archived 1062112955389669377
2020-01-15 16:47:28,699 INFO archived 1062043514593132549
2020-01-15 16:47:28,700 INFO archived 1062021141915561986
2020-01-15 16:47:28,700 INFO archived 1062004545583280128
2020-01-15 16:47:28,701 INFO archived 1061951706991341568
2020-01-15 16:47:28,702 INFO archived 1061902306034229248
2020-01-15 16:47:28,702 INFO archived 1061882202286424064
2020-01-15 16:47:28,703 INFO archived 1061837561125949440
2020-01-15 16:47:28,703 INFO archived 1061824849100857345
2020-01-15 16:47:28,704 INFO archived 1061819414641827840
2020-01-15 16:47:28,704 INFO archived 1061818146368024576
2020-01-15 16:47:28,704 INFO archived 1061818046178779136
2020-01-15 16:47:28,705 INFO archived 1061817998519009280
2020-01-15 16:47:28,705 INFO archived 1061816815138025473
2020-01-15 16:47:28,705 INFO archived 1061810882710253568
2020-01-15 16:47:28,706 INFO archived 1061804130828730368
2020-01-15 16:47:28,706 INFO archived 1061797915528740864
2020-01-15 16:47:28,707 INFO archived 1061796203703214081
2020-01-15 16:47:28,707 INFO archived 1061786466211258369
2020-01-15 16:47:28,707 INFO archived 1061779305049526272
2020-01-15 16:47:28,708 INFO archived 1061775412420861954
2020-01-15 16:47:28,708 INFO archived 1061775230505492480
2020-01-15 16:47:28,709 INFO archived 1061772954676219904
2020-01-15 16:47:28,709 INFO archived 1061770418720292865
2020-01-15 16:47:28,710 INFO archived 1061765650794864646
2020-01-15 16:47:28,710 INFO archived 1061757393602822145
2020-01-15 16:47:28,711 INFO archived 1061756346121498625
2020-01-15 16:47:28,711 INFO archived 1061703030167359488
2020-01-15 16:47:28,712 INFO archived 1061361406849753088
2020-01-15 16:47:28,713 INFO archived 1061271948695666689
2020-01-15 16:47:28,713 INFO archived 1061264048623403008
2020-01-15 16:47:28,714 INFO archived 1061128617768468480
2020-01-15 16:47:28,714 INFO archived 1061005649230917632
2020-01-15 16:47:28,714 INFO archived 1060956193412313089
2020-01-15 16:47:28,715 INFO archived 1060945137306689538
2020-01-15 16:47:28,715 INFO archived 1060932574896361475
2020-01-15 16:47:28,716 INFO archived 1060925658002608128
2020-01-15 16:47:28,716 INFO archived 1060911675061211137
2020-01-15 16:47:28,717 INFO archived 1060904563149025281
2020-01-15 16:47:28,717 INFO archived 1060762033107267584
2020-01-15 16:47:28,718 INFO archived 1060694407610011648
2020-01-15 16:47:28,718 INFO archived 1060636210627076098
2020-01-15 16:47:28,719 INFO archived 1060600816795508737
2020-01-15 16:47:28,719 INFO archived 1060589268186226688
2020-01-15 16:47:28,720 INFO archived 1060566827279908864
2020-01-15 16:47:28,720 INFO archived 1060452398513209344
2020-01-15 16:47:28,720 INFO archived 1060391771153227776
2020-01-15 16:47:28,721 INFO archived 1060381492264792064
2020-01-15 16:47:28,721 INFO archived 1060372758440357888
2020-01-15 16:47:28,721 INFO archived 1060361273836154880
2020-01-15 16:47:28,722 INFO archived 1060346735560744960
2020-01-15 16:47:28,722 INFO archived 1060318543365967873
2020-01-15 16:47:28,723 INFO archived 1060317658707644418
2020-01-15 16:47:28,723 INFO archived 1060279040941195281
2020-01-15 16:47:28,723 INFO archived 1060239106343604225
2020-01-15 16:47:28,724 INFO archived 1060210908369219584
2020-01-15 16:47:28,724 INFO archived 1060202938071543809
2020-01-15 16:47:28,725 INFO archived 1060191244675178497
